[21:09:23] [ServerMain/INFO]: Environment: authHost='https://authserver.mojang.com', accountsHost='https://api.mojang.com', sessionHost='https://sessionserver.mojang.com', servicesHost='https://api.minecraftservices.com', name='PROD'
[21:09:23] [ServerMain/INFO]: Found new data pack file/bukkit, loading it automatically
[21:09:25] [Worker-Main-14/INFO]: Loaded 7 recipes
[21:09:28] [Server thread/INFO]: Starting minecraft server version 1.18.2
[21:09:28] [Server thread/INFO]: Loading properties
[21:09:28] [Server thread/INFO]: This server is running CraftBukkit version 3480-Spigot-42b6152-cf391b5 (MC: 1.18.2) (Implementing API version 1.18.2-R0.1-SNAPSHOT)
[21:09:28] [Server thread/INFO]: Debug logging is disabled
[21:09:28] [Server thread/INFO]: Server Ping Player Sample Count: 12
[21:09:28] [Server thread/INFO]: Using 4 threads for Netty based IO
[21:09:28] [Server thread/INFO]: Default game type: SURVIVAL
[21:09:28] [Server thread/INFO]: Generating keypair
[21:09:28] [Server thread/INFO]: Starting Minecraft server on *:25565
[21:09:28] [Server thread/INFO]: Using default channel type
[21:09:29] [Server thread/INFO]: Preparing level "world"
[21:09:29] [Server thread/INFO]: -------- World Settings For [world] --------
[21:09:29] [Server thread/INFO]: Allow Zombie Pigmen to spawn from portal blocks: true
[21:09:29] [Server thread/INFO]: Item Despawn Rate: 6000
[21:09:29] [Server thread/INFO]: Item Merge Radius: 2.5
[21:09:29] [Server thread/INFO]: View Distance: 10
[21:09:29] [Server thread/INFO]: Simulation Distance: 10
[21:09:29] [Server thread/INFO]: Experience Merge Radius: 3.0
[21:09:29] [Server thread/INFO]: Mob Spawn Range: 6
[21:09:29] [Server thread/INFO]: Cactus Growth Modifier: 100%
[21:09:29] [Server thread/INFO]: Cane Growth Modifier: 100%
[21:09:29] [Server thread/INFO]: Melon Growth Modifier: 100%
[21:09:29] [Server thread/INFO]: Mushroom Growth Modifier: 100%
[21:09:29] [Server thread/INFO]: Pumpkin Growth Modifier: 100%
[21:09:29] [Server thread/INFO]: Sapling Growth Modifier: 100%
[21:09:29] [Server thread/INFO]: Beetroot Growth Modifier: 100%
[21:09:29] [Server thread/INFO]: Carrot Growth Modifier: 100%
[21:09:29] [Server thread/INFO]: Potato Growth Modifier: 100%
[21:09:29] [Server thread/INFO]: Wheat Growth Modifier: 100%
[21:09:29] [Server thread/INFO]: NetherWart Growth Modifier: 100%
[21:09:29] [Server thread/INFO]: Vine Growth Modifier: 100%
[21:09:29] [Server thread/INFO]: Cocoa Growth Modifier: 100%
[21:09:29] [Server thread/INFO]: Bamboo Growth Modifier: 100%
[21:09:29] [Server thread/INFO]: SweetBerry Growth Modifier: 100%
[21:09:29] [Server thread/INFO]: Kelp Growth Modifier: 100%
[21:09:29] [Server thread/INFO]: Entity Tracking Range: Pl 48 / An 48 / Mo 48 / Mi 32 / Other 64
[21:09:29] [Server thread/INFO]: Entity Activation Range: An 32 / Mo 32 / Ra 48 / Mi 16 / Tiv true / Isa false
[21:09:29] [Server thread/INFO]: Hopper Transfer: 8 Hopper Check: 1 Hopper Amount: 1
[21:09:29] [Server thread/INFO]: Custom Map Seeds:  Village: 10387312 Desert: 14357617 Igloo: 14357618 Jungle: 14357619 Swamp: 14357620 Monument: 10387313 Ocean: 14357621 Shipwreck: 165745295 End City: 10387313 Slime: 987234911 Nether: 30084232 Mansion: 10387319 Fossil: 14357921 Portal: 34222645
[21:09:29] [Server thread/INFO]: Tile Max Tick Time: 50ms Entity max Tick Time: 50ms
[21:09:29] [Server thread/INFO]: Max TNT Explosions: 100
[21:09:29] [Server thread/INFO]: Nerfing mobs spawned from spawners: false
[21:09:29] [Server thread/INFO]: Arrow Despawn Rate: 1200 Trident Respawn Rate:1200
[21:09:29] [Server thread/INFO]: Zombie Aggressive Towards Villager: true
[21:09:36] [Server thread/INFO]: -------- World Settings For [world_the_end] --------
[21:09:36] [Server thread/INFO]: Allow Zombie Pigmen to spawn from portal blocks: true
[21:09:36] [Server thread/INFO]: Item Despawn Rate: 6000
[21:09:36] [Server thread/INFO]: Item Merge Radius: 2.5
[21:09:36] [Server thread/INFO]: View Distance: 10
[21:09:36] [Server thread/INFO]: Simulation Distance: 10
[21:09:36] [Server thread/INFO]: Experience Merge Radius: 3.0
[21:09:36] [Server thread/INFO]: Mob Spawn Range: 6
[21:09:36] [Server thread/INFO]: Cactus Growth Modifier: 100%
[21:09:36] [Server thread/INFO]: Cane Growth Modifier: 100%
[21:09:36] [Server thread/INFO]: Melon Growth Modifier: 100%
[21:09:36] [Server thread/INFO]: Mushroom Growth Modifier: 100%
[21:09:36] [Server thread/INFO]: Pumpkin Growth Modifier: 100%
[21:09:36] [Server thread/INFO]: Sapling Growth Modifier: 100%
[21:09:36] [Server thread/INFO]: Beetroot Growth Modifier: 100%
[21:09:36] [Server thread/INFO]: Carrot Growth Modifier: 100%
[21:09:36] [Server thread/INFO]: Potato Growth Modifier: 100%
[21:09:36] [Server thread/INFO]: Wheat Growth Modifier: 100%
[21:09:36] [Server thread/INFO]: NetherWart Growth Modifier: 100%
[21:09:36] [Server thread/INFO]: Vine Growth Modifier: 100%
[21:09:36] [Server thread/INFO]: Cocoa Growth Modifier: 100%
[21:09:36] [Server thread/INFO]: Bamboo Growth Modifier: 100%
[21:09:36] [Server thread/INFO]: SweetBerry Growth Modifier: 100%
[21:09:36] [Server thread/INFO]: Kelp Growth Modifier: 100%
[21:09:36] [Server thread/INFO]: Entity Tracking Range: Pl 48 / An 48 / Mo 48 / Mi 32 / Other 64
[21:09:36] [Server thread/INFO]: Entity Activation Range: An 32 / Mo 32 / Ra 48 / Mi 16 / Tiv true / Isa false
[21:09:36] [Server thread/INFO]: Hopper Transfer: 8 Hopper Check: 1 Hopper Amount: 1
[21:09:36] [Server thread/INFO]: Custom Map Seeds:  Village: 10387312 Desert: 14357617 Igloo: 14357618 Jungle: 14357619 Swamp: 14357620 Monument: 10387313 Ocean: 14357621 Shipwreck: 165745295 End City: 10387313 Slime: 987234911 Nether: 30084232 Mansion: 10387319 Fossil: 14357921 Portal: 34222645
[21:09:36] [Server thread/INFO]: Tile Max Tick Time: 50ms Entity max Tick Time: 50ms
[21:09:36] [Server thread/INFO]: Max TNT Explosions: 100
[21:09:36] [Server thread/INFO]: Nerfing mobs spawned from spawners: false
[21:09:36] [Server thread/INFO]: Arrow Despawn Rate: 1200 Trident Respawn Rate:1200
[21:09:36] [Server thread/INFO]: Zombie Aggressive Towards Villager: true
[21:09:37] [Server thread/INFO]: -------- World Settings For [world_nether] --------
[21:09:37] [Server thread/INFO]: Allow Zombie Pigmen to spawn from portal blocks: true
[21:09:37] [Server thread/INFO]: Item Despawn Rate: 6000
[21:09:37] [Server thread/INFO]: Item Merge Radius: 2.5
[21:09:37] [Server thread/INFO]: View Distance: 10
[21:09:37] [Server thread/INFO]: Simulation Distance: 10
[21:09:37] [Server thread/INFO]: Experience Merge Radius: 3.0
[21:09:37] [Server thread/INFO]: Mob Spawn Range: 6
[21:09:37] [Server thread/INFO]: Cactus Growth Modifier: 100%
[21:09:37] [Server thread/INFO]: Cane Growth Modifier: 100%
[21:09:37] [Server thread/INFO]: Melon Growth Modifier: 100%
[21:09:37] [Server thread/INFO]: Mushroom Growth Modifier: 100%
[21:09:37] [Server thread/INFO]: Pumpkin Growth Modifier: 100%
[21:09:37] [Server thread/INFO]: Sapling Growth Modifier: 100%
[21:09:37] [Server thread/INFO]: Beetroot Growth Modifier: 100%
[21:09:37] [Server thread/INFO]: Carrot Growth Modifier: 100%
[21:09:37] [Server thread/INFO]: Potato Growth Modifier: 100%
[21:09:37] [Server thread/INFO]: Wheat Growth Modifier: 100%
[21:09:37] [Server thread/INFO]: NetherWart Growth Modifier: 100%
[21:09:37] [Server thread/INFO]: Vine Growth Modifier: 100%
[21:09:37] [Server thread/INFO]: Cocoa Growth Modifier: 100%
[21:09:37] [Server thread/INFO]: Bamboo Growth Modifier: 100%
[21:09:37] [Server thread/INFO]: SweetBerry Growth Modifier: 100%
[21:09:37] [Server thread/INFO]: Kelp Growth Modifier: 100%
[21:09:37] [Server thread/INFO]: Entity Tracking Range: Pl 48 / An 48 / Mo 48 / Mi 32 / Other 64
[21:09:37] [Server thread/INFO]: Entity Activation Range: An 32 / Mo 32 / Ra 48 / Mi 16 / Tiv true / Isa false
[21:09:37] [Server thread/INFO]: Hopper Transfer: 8 Hopper Check: 1 Hopper Amount: 1
[21:09:37] [Server thread/INFO]: Custom Map Seeds:  Village: 10387312 Desert: 14357617 Igloo: 14357618 Jungle: 14357619 Swamp: 14357620 Monument: 10387313 Ocean: 14357621 Shipwreck: 165745295 End City: 10387313 Slime: 987234911 Nether: 30084232 Mansion: 10387319 Fossil: 14357921 Portal: 34222645
[21:09:37] [Server thread/INFO]: Tile Max Tick Time: 50ms Entity max Tick Time: 50ms
[21:09:37] [Server thread/INFO]: Max TNT Explosions: 100
[21:09:37] [Server thread/INFO]: Nerfing mobs spawned from spawners: false
[21:09:37] [Server thread/INFO]: Arrow Despawn Rate: 1200 Trident Respawn Rate:1200
[21:09:37] [Server thread/INFO]: Zombie Aggressive Towards Villager: true
[21:09:38] [Server thread/INFO]: Preparing start region for dimension minecraft:overworld
[21:09:39] [Worker-Main-22/INFO]: Preparing spawn area: 0%
[21:09:39] [Worker-Main-17/INFO]: Preparing spawn area: 0%
[21:09:39] [Worker-Main-15/INFO]: Preparing spawn area: 0%
[21:09:40] [Worker-Main-24/INFO]: Preparing spawn area: 0%
[21:09:40] [Worker-Main-21/INFO]: Preparing spawn area: 0%
[21:09:41] [Worker-Main-16/INFO]: Preparing spawn area: 1%
[21:09:41] [Worker-Main-12/INFO]: Preparing spawn area: 2%
[21:09:42] [Worker-Main-21/INFO]: Preparing spawn area: 4%
[21:09:42] [Worker-Main-17/INFO]: Preparing spawn area: 5%
[21:09:43] [Worker-Main-24/INFO]: Preparing spawn area: 6%
[21:09:43] [Worker-Main-23/INFO]: Preparing spawn area: 9%
[21:09:44] [Worker-Main-14/INFO]: Preparing spawn area: 10%
[21:09:44] [Worker-Main-24/INFO]: Preparing spawn area: 13%
[21:09:45] [Worker-Main-13/INFO]: Preparing spawn area: 16%
[21:09:45] [Worker-Main-23/INFO]: Preparing spawn area: 17%
[21:09:46] [Worker-Main-20/INFO]: Preparing spawn area: 20%
[21:09:46] [Worker-Main-23/INFO]: Preparing spawn area: 25%
[21:09:47] [Worker-Main-13/INFO]: Preparing spawn area: 31%
[21:09:47] [Worker-Main-22/INFO]: Preparing spawn area: 35%
[21:09:48] [Worker-Main-12/INFO]: Preparing spawn area: 39%
[21:09:48] [Worker-Main-13/INFO]: Preparing spawn area: 40%
[21:09:49] [Worker-Main-13/INFO]: Preparing spawn area: 42%
[21:09:50] [Worker-Main-17/INFO]: Preparing spawn area: 45%
[21:09:50] [Worker-Main-17/INFO]: Preparing spawn area: 45%
[21:09:50] [Worker-Main-14/INFO]: Preparing spawn area: 51%
[21:09:51] [Worker-Main-21/INFO]: Preparing spawn area: 55%
[21:09:51] [Worker-Main-22/INFO]: Preparing spawn area: 58%
[21:09:52] [Worker-Main-14/INFO]: Preparing spawn area: 65%
[21:09:52] [Worker-Main-20/INFO]: Preparing spawn area: 69%
[21:09:53] [Worker-Main-14/INFO]: Preparing spawn area: 74%
[21:09:53] [Worker-Main-14/INFO]: Preparing spawn area: 79%
[21:09:54] [Worker-Main-17/INFO]: Preparing spawn area: 84%
[21:09:54] [Worker-Main-24/INFO]: Preparing spawn area: 89%
[21:09:55] [Worker-Main-16/INFO]: Preparing spawn area: 94%
[21:09:55] [Server thread/INFO]: Time elapsed: 16962 ms
[21:09:55] [Server thread/INFO]: Preparing start region for dimension minecraft:the_end
[21:09:55] [Worker-Main-21/INFO]: Preparing spawn area: 0%
[21:09:56] [Worker-Main-20/INFO]: Preparing spawn area: 9%
[21:09:56] [Worker-Main-15/INFO]: Preparing spawn area: 60%
[21:09:56] [Server thread/INFO]: Time elapsed: 1301 ms
[21:09:56] [Server thread/INFO]: Preparing start region for dimension minecraft:the_nether
[21:09:57] [Worker-Main-24/INFO]: Preparing spawn area: 0%
[21:09:57] [Worker-Main-17/INFO]: Preparing spawn area: 0%
[21:09:57] [Worker-Main-21/INFO]: Preparing spawn area: 4%
[21:09:58] [Worker-Main-17/INFO]: Preparing spawn area: 9%
[21:09:58] [Worker-Main-16/INFO]: Preparing spawn area: 13%
[21:09:59] [Worker-Main-13/INFO]: Preparing spawn area: 19%
[21:09:59] [Worker-Main-24/INFO]: Preparing spawn area: 26%
[21:10:00] [Worker-Main-15/INFO]: Preparing spawn area: 33%
[21:10:00] [Worker-Main-22/INFO]: Preparing spawn area: 40%
[21:10:01] [Worker-Main-22/INFO]: Preparing spawn area: 48%
[21:10:01] [Worker-Main-12/INFO]: Preparing spawn area: 52%
[21:10:02] [Worker-Main-12/INFO]: Preparing spawn area: 60%
[21:10:02] [Worker-Main-24/INFO]: Preparing spawn area: 68%
[21:10:07] [ServerMain/INFO]: Environment: authHost='https://authserver.mojang.com', accountsHost='https://api.mojang.com', sessionHost='https://sessionserver.mojang.com', servicesHost='https://api.minecraftservices.com', name='PROD'
[21:10:07] [ServerMain/ERROR]: Failed to start the minecraft server
java.io.IOException: –ü—Ä–æ—Ü–µ—Å—Å –Ω–µ –º–æ–∂–µ—Ç –ø–æ–ª—É—á–∏—Ç—å –¥–æ—Å—Ç—É–ø –∫ —Ñ–∞–π–ª—É, —Ç–∞–∫ –∫–∞–∫ —á–∞—Å—Ç—å —ç—Ç–æ–[21:10:15] [Server thread/INFO]: Stopping server
[21:10:15] [Server thread/INFO]: Saving players
[21:10:15] [Server thread/INFO]: Saving worlds
[21:10:16] [Server thread/INFO]: Saving chunks for level 'ServerLevel[world]'/minecraft:overworld
[21:10:17] [Server thread/INFO]: Saving chunks for level 'ServerLevel[world_the_end]'/minecraft:the_end
[21:10:17] [Server thread/INFO]: Saving chunks for level 'ServerLevel[world_nether]'/minecraft:the_nether
[21:10:17] [Server thread/INFO]: ThreadedAnvilChunkStorage (world): All chunks are saved
[21:10:17] [Server thread/INFO]: ThreadedAnvilChunkStorage (DIM1): All chunks are saved
[21:10:17] [Server thread/INFO]: ThreadedAnvilChunkStorage (DIM-1): All chunks are saved
[21:10:17] [Server thread/INFO]: ThreadedAnvilChunkStorage: All dimensions are saved
va:318) ~[spigot-1.18.2-R0.1-SNAPSHOT.jar:3480-Spigot-42b6152-cf391b5]
	at net.minecraft.server.Main.main(Main.java:146) ~[spigot-1.18.2-R0.1-SNAPSHOT.jar:3480-Spigot-42b6152-cf391b5]
	at org.bukkit.craftbukkit.Main.main(Main.java:206) ~[spigot-1.18.2-R0.1-SNAPSHOT.jar:3480-Spigot-42b6152-cf391b5]
	at org.bukkit.craftbukkit.bootstrap.Main.lambda$1(Main.java:60) ~[spigot-1.18.2%20(1).jar:?]
	at java.lang.Thread.run(Thread.java:833) [?:?]
